-------------------------------------------------------------------------------
Test set: com.saucedemo.Tests.ProductTest
-------------------------------------------------------------------------------
Tests run: 4, Failures: 0, Errors: 4, Skipped: 0, Time elapsed: 41.051 s <<< FAILURE! - in com.saucedemo.Tests.ProductTest
positiveProductTest_addProductToCart  Time elapsed: 10.885 s  <<< ERROR!
org.openqa.selenium.SessionNotCreatedException: 
Could not start a new session. Possible causes are invalid address of the remote server or browser start-up failure.
Build info: version: '4.1.3', revision: '7b1ebf28ef'
System info: host: 'pop-os', ip: '127.0.1.1', os.name: 'Linux', os.arch: 'amd64', os.version: '5.16.11-76051611-generic', java.version: '17.0.2'
Driver info: org.openqa.selenium.remote.RemoteWebDriver
Command: [null, newSession {capabilities=[Capabilities {browserName: chrome, goog:chromeOptions: {args: [], extensions: []}}], desiredCapabilities=Capabilities {browserName: chrome, goog:chromeOptions: {args: [], extensions: []}}}]
Capabilities {}
Caused by: java.io.UncheckedIOException: java.net.ConnectException: connection timed out: /172.17.0.1:4444
Caused by: java.net.ConnectException: connection timed out: /172.17.0.1:4444
Caused by: io.netty.channel.ConnectTimeoutException: connection timed out: /172.17.0.1:4444

positiveProductTest_removeProductFromCart  Time elapsed: 10.032 s  <<< ERROR!
org.openqa.selenium.SessionNotCreatedException: 
Could not start a new session. Possible causes are invalid address of the remote server or browser start-up failure.
Build info: version: '4.1.3', revision: '7b1ebf28ef'
System info: host: 'pop-os', ip: '127.0.1.1', os.name: 'Linux', os.arch: 'amd64', os.version: '5.16.11-76051611-generic', java.version: '17.0.2'
Driver info: org.openqa.selenium.remote.RemoteWebDriver
Command: [null, newSession {capabilities=[Capabilities {browserName: chrome, goog:chromeOptions: {args: [], extensions: []}}], desiredCapabilities=Capabilities {browserName: chrome, goog:chromeOptions: {args: [], extensions: []}}}]
Capabilities {}
Caused by: java.io.UncheckedIOException: java.net.ConnectException: connection timed out: /172.17.0.1:4444
Caused by: java.net.ConnectException: connection timed out: /172.17.0.1:4444
Caused by: io.netty.channel.ConnectTimeoutException: connection timed out: /172.17.0.1:4444

positiveProductTest_addAllProductsToCart  Time elapsed: 10.048 s  <<< ERROR!
org.openqa.selenium.SessionNotCreatedException: 
Could not start a new session. Possible causes are invalid address of the remote server or browser start-up failure.
Build info: version: '4.1.3', revision: '7b1ebf28ef'
System info: host: 'pop-os', ip: '127.0.1.1', os.name: 'Linux', os.arch: 'amd64', os.version: '5.16.11-76051611-generic', java.version: '17.0.2'
Driver info: org.openqa.selenium.remote.RemoteWebDriver
Command: [null, newSession {capabilities=[Capabilities {browserName: chrome, goog:chromeOptions: {args: [], extensions: []}}], desiredCapabilities=Capabilities {browserName: chrome, goog:chromeOptions: {args: [], extensions: []}}}]
Capabilities {}
Caused by: java.io.UncheckedIOException: java.net.ConnectException: connection timed out: /172.17.0.1:4444
Caused by: java.net.ConnectException: connection timed out: /172.17.0.1:4444
Caused by: io.netty.channel.ConnectTimeoutException: connection timed out: /172.17.0.1:4444

positiveProductTest_removeAllProductsFromCart  Time elapsed: 10.04 s  <<< ERROR!
org.openqa.selenium.SessionNotCreatedException: 
Could not start a new session. Possible causes are invalid address of the remote server or browser start-up failure.
Build info: version: '4.1.3', revision: '7b1ebf28ef'
System info: host: 'pop-os', ip: '127.0.1.1', os.name: 'Linux', os.arch: 'amd64', os.version: '5.16.11-76051611-generic', java.version: '17.0.2'
Driver info: org.openqa.selenium.remote.RemoteWebDriver
Command: [null, newSession {capabilities=[Capabilities {browserName: chrome, goog:chromeOptions: {args: [], extensions: []}}], desiredCapabilities=Capabilities {browserName: chrome, goog:chromeOptions: {args: [], extensions: []}}}]
Capabilities {}
Caused by: java.io.UncheckedIOException: java.net.ConnectException: connection timed out: /172.17.0.1:4444
Caused by: java.net.ConnectException: connection timed out: /172.17.0.1:4444
Caused by: io.netty.channel.ConnectTimeoutException: connection timed out: /172.17.0.1:4444

