-------------------------------------------------------------------------------
Test set: com.saucedemo.Tests.LoginTest
-------------------------------------------------------------------------------
Tests run: 1, Failures: 0, Errors: 1, Skipped: 0, Time elapsed: 0 s <<< FAILURE! - in com.saucedemo.Tests.LoginTest
com.saucedemo.Tests.LoginTest  Time elapsed: 0 s  <<< ERROR!
java.lang.NullPointerException: Cannot invoke "String.isEmpty()" because the return value of "java.lang.System.getProperty(String)" is null

